{"ts": "2026-05-23T15:36:20+08:00", "level": "INFO", "component": "pipeline", "message": "[START] ingest pipeline", "run_id": "test-run-1", "action": "start"}
{"ts": "2026-05-23T15:36:20+08:00", "level": "INFO", "component": "datasource", "message": "[START] data source phase", "run_id": "test-run-1", "action": "start"}
{"ts": "2026-05-23T15:36:20+08:00", "level": "ERROR", "component": "pipeline", "message": "[FATAL] OperationalError: unable to open database file", "action": "fatal"}
{"ts": "2026-05-23T15:37:10+08:00", "level": "INFO", "component": "pipeline", "message": "[START] ingest pipeline", "run_id": "test-run-1", "action": "start"}
{"ts": "2026-05-23T15:37:10+08:00", "level": "INFO", "component": "datasource", "message": "[START] data source phase", "run_id": "test-run-1", "action": "start"}
{"ts": "2026-05-23T15:37:10+08:00", "level": "ERROR", "component": "pipeline", "message": "[FATAL] OperationalError: unable to open database file", "action": "fatal"}
{"ts": "2026-05-23T15:42:36+08:00", "level": "ERROR", "component": "pipeline", "message": "[TIMEOUT] pipeline exceeded 0.05s"}
{"ts": "2026-05-23T15:45:21+08:00", "level": "ERROR", "component": "pipeline", "message": "[TIMEOUT] pipeline exceeded 0.05s"}
{"ts": "2026-05-23T15:47:04+08:00", "level": "ERROR", "component": "pipeline", "message": "[TIMEOUT] pipeline exceeded 0.05s"}
{"ts": "2026-05-23T15:48:18+08:00", "level": "ERROR", "component": "pipeline", "message": "[TIMEOUT] pipeline exceeded 0.05s"}
{"ts": "2026-05-23T15:48:39+08:00", "level": "ERROR", "component": "pipeline", "message": "[TIMEOUT] pipeline exceeded 0.05s"}
{"ts": "2026-05-23T16:06:50+08:00", "level": "ERROR", "component": "pipeline", "message": "[TIMEOUT] pipeline exceeded 0.05s"}
{"ts": "2026-05-23T16:06:50+08:00", "level": "INFO", "component": "writer", "message": "[ARCHIVE CLEANUP] 完成: 发现 1 个 orphan (dry_run=True)", "action": ""}
{"ts": "2026-05-23T16:06:50+08:00", "level": "ERROR", "component": "writer", "message": "[ARCHIVE CLEANUP] 删除失败: C:\\Users\\17699\\AppData\\Local\\Temp\\pytest-of-17699\\pytest-192\\test_orphan_actual_deletion0\\archive\\reports\\orphan_report.md: [WinError 2] 系统找不到指定的文件。: 'C:\\\\Users\\\\17699\\\\AppData\\\\Local\\\\Temp\\\\pytest-of-17699\\\\pytest-192\\\\test_orphan_actual_deletion0\\\\archive\\\\reports\\\\orphan_report.md'", "action": ""}
{"ts": "2026-05-23T16:06:50+08:00", "level": "ERROR", "component": "writer", "message": "[ARCHIVE CLEANUP] 删除失败: C:\\Users\\17699\\AppData\\Local\\Temp\\pytest-of-17699\\pytest-192\\test_orphan_actual_deletion0\\archive\\ddl\\orphan_ddl.sql: [WinError 2] 系统找不到指定的文件。: 'C:\\\\Users\\\\17699\\\\AppData\\\\Local\\\\Temp\\\\pytest-of-17699\\\\pytest-192\\\\test_orphan_actual_deletion0\\\\archive\\\\ddl\\\\orphan_ddl.sql'", "action": ""}
{"ts": "2026-05-23T16:06:50+08:00", "level": "INFO", "component": "writer", "message": "[ARCHIVE CLEANUP] 完成: 发现 2 个 orphan (dry_run=False)", "action": ""}
{"ts": "2026-05-23T16:06:51+08:00", "level": "ERROR", "component": "writer", "message": "[ARCHIVE CLEANUP] 删除失败: C:\\Users\\17699\\AppData\\Local\\Temp\\pytest-of-17699\\pytest-192\\test_cleanup_idempotent0\\archive\\reports\\orphan.md: [WinError 2] 系统找不到指定的文件。: 'C:\\\\Users\\\\17699\\\\AppData\\\\Local\\\\Temp\\\\pytest-of-17699\\\\pytest-192\\\\test_cleanup_idempotent0\\\\archive\\\\reports\\\\orphan.md'", "action": ""}
{"ts": "2026-05-23T16:06:51+08:00", "level": "INFO", "component": "writer", "message": "[ARCHIVE CLEANUP] 完成: 发现 1 个 orphan (dry_run=False)", "action": ""}
{"ts": "2026-05-23T16:06:51+08:00", "level": "INFO", "component": "writer", "message": "[ARCHIVE CLEANUP] 完成: 发现 0 个 orphan (dry_run=False)", "action": ""}
{"ts": "2026-05-23T16:06:51+08:00", "level": "ERROR", "component": "writer", "message": "[ARCHIVE CLEANUP] DB 查询失败: no such table: analysis_docs", "action": ""}
{"ts": "2026-05-23T16:06:51+08:00", "level": "INFO", "component": "writer", "message": "[ARCHIVE CLEANUP] 完成: 发现 1 个 orphan (dry_run=True)", "action": ""}
{"ts": "2026-05-23T16:06:51+08:00", "level": "INFO", "component": "writer", "message": "[ARCHIVE CLEANUP] 完成: 发现 1 个 orphan (dry_run=True)", "action": ""}
{"ts": "2026-05-23T16:06:51+08:00", "level": "ERROR", "component": "writer", "message": "[ARCHIVE CLEANUP] 删除失败: C:\\Users\\17699\\AppData\\Local\\Temp\\pytest-of-17699\\pytest-192\\test_safety_referenced_file_no0\\archive\\reports\\orphan.md: [WinError 2] 系统找不到指定的文件。: 'C:\\\\Users\\\\17699\\\\AppData\\\\Local\\\\Temp\\\\pytest-of-17699\\\\pytest-192\\\\test_safety_referenced_file_no0\\\\archive\\\\reports\\\\orphan.md'", "action": ""}
{"ts": "2026-05-23T16:06:51+08:00", "level": "INFO", "component": "writer", "message": "[ARCHIVE CLEANUP] 完成: 发现 1 个 orphan (dry_run=False)", "action": ""}
{"ts": "2026-05-23T16:06:51+08:00", "level": "INFO", "component": "writer", "message": "[ARCHIVE CLEANUP] 完成: 发现 1 个 orphan (dry_run=True)", "action": ""}
{"ts": "2026-05-23T16:06:51+08:00", "level": "ERROR", "component": "writer", "message": "[ARCHIVE CLEANUP] 删除失败: C:\\Users\\17699\\AppData\\Local\\Temp\\pytest-of-17699\\pytest-192\\test_cleanup_with_delete_error0\\archive\\reports\\orphan.md: 权限不足", "action": ""}
{"ts": "2026-05-23T16:06:51+08:00", "level": "INFO", "component": "writer", "message": "[ARCHIVE CLEANUP] 完成: 发现 1 个 orphan (dry_run=False)", "action": ""}
{"ts": "2026-05-23T16:14:43+08:00", "level": "ERROR", "component": "pipeline", "message": "[TIMEOUT] pipeline exceeded 0.05s"}
{"ts": "2026-05-23T16:14:43+08:00", "level": "INFO", "component": "writer", "message": "[ARCHIVE CLEANUP] 完成: 发现 1 个 orphan (dry_run=True)", "action": ""}
{"ts": "2026-05-23T16:14:43+08:00", "level": "ERROR", "component": "writer", "message": "[ARCHIVE CLEANUP] 删除失败: C:\\Users\\17699\\AppData\\Local\\Temp\\pytest-of-17699\\pytest-194\\test_orphan_actual_deletion0\\archive\\reports\\orphan_report.md: [WinError 2] 系统找不到指定的文件。: 'C:\\\\Users\\\\17699\\\\AppData\\\\Local\\\\Temp\\\\pytest-of-17699\\\\pytest-194\\\\test_orphan_actual_deletion0\\\\archive\\\\reports\\\\orphan_report.md'", "action": ""}
{"ts": "2026-05-23T16:14:43+08:00", "level": "ERROR", "component": "writer", "message": "[ARCHIVE CLEANUP] 删除失败: C:\\Users\\17699\\AppData\\Local\\Temp\\pytest-of-17699\\pytest-194\\test_orphan_actual_deletion0\\archive\\ddl\\orphan_ddl.sql: [WinError 2] 系统找不到指定的文件。: 'C:\\\\Users\\\\17699\\\\AppData\\\\Local\\\\Temp\\\\pytest-of-17699\\\\pytest-194\\\\test_orphan_actual_deletion0\\\\archive\\\\ddl\\\\orphan_ddl.sql'", "action": ""}
{"ts": "2026-05-23T16:14:43+08:00", "level": "INFO", "component": "writer", "message": "[ARCHIVE CLEANUP] 完成: 发现 2 个 orphan (dry_run=False)", "action": ""}
{"ts": "2026-05-23T16:14:43+08:00", "level": "ERROR", "component": "writer", "message": "[ARCHIVE CLEANUP] 删除失败: C:\\Users\\17699\\AppData\\Local\\Temp\\pytest-of-17699\\pytest-194\\test_cleanup_idempotent0\\archive\\reports\\orphan.md: [WinError 2] 系统找不到指定的文件。: 'C:\\\\Users\\\\17699\\\\AppData\\\\Local\\\\Temp\\\\pytest-of-17699\\\\pytest-194\\\\test_cleanup_idempotent0\\\\archive\\\\reports\\\\orphan.md'", "action": ""}
{"ts": "2026-05-23T16:14:43+08:00", "level": "INFO", "component": "writer", "message": "[ARCHIVE CLEANUP] 完成: 发现 1 个 orphan (dry_run=False)", "action": ""}
{"ts": "2026-05-23T16:14:43+08:00", "level": "INFO", "component": "writer", "message": "[ARCHIVE CLEANUP] 完成: 发现 0 个 orphan (dry_run=False)", "action": ""}
{"ts": "2026-05-23T16:14:43+08:00", "level": "ERROR", "component": "writer", "message": "[ARCHIVE CLEANUP] DB 查询失败: no such table: analysis_docs", "action": ""}
{"ts": "2026-05-23T16:14:43+08:00", "level": "INFO", "component": "writer", "message": "[ARCHIVE CLEANUP] 完成: 发现 1 个 orphan (dry_run=True)", "action": ""}
{"ts": "2026-05-23T16:14:43+08:00", "level": "INFO", "component": "writer", "message": "[ARCHIVE CLEANUP] 完成: 发现 1 个 orphan (dry_run=True)", "action": ""}
{"ts": "2026-05-23T16:14:43+08:00", "level": "ERROR", "component": "writer", "message": "[ARCHIVE CLEANUP] 删除失败: C:\\Users\\17699\\AppData\\Local\\Temp\\pytest-of-17699\\pytest-194\\test_safety_referenced_file_no0\\archive\\reports\\orphan.md: [WinError 2] 系统找不到指定的文件。: 'C:\\\\Users\\\\17699\\\\AppData\\\\Local\\\\Temp\\\\pytest-of-17699\\\\pytest-194\\\\test_safety_referenced_file_no0\\\\archive\\\\reports\\\\orphan.md'", "action": ""}
{"ts": "2026-05-23T16:14:43+08:00", "level": "INFO", "component": "writer", "message": "[ARCHIVE CLEANUP] 完成: 发现 1 个 orphan (dry_run=False)", "action": ""}
{"ts": "2026-05-23T16:14:43+08:00", "level": "INFO", "component": "writer", "message": "[ARCHIVE CLEANUP] 完成: 发现 1 个 orphan (dry_run=True)", "action": ""}
{"ts": "2026-05-23T16:14:43+08:00", "level": "ERROR", "component": "writer", "message": "[ARCHIVE CLEANUP] 删除失败: C:\\Users\\17699\\AppData\\Local\\Temp\\pytest-of-17699\\pytest-194\\test_cleanup_with_delete_error0\\archive\\reports\\orphan.md: 权限不足", "action": ""}
{"ts": "2026-05-23T16:14:43+08:00", "level": "INFO", "component": "writer", "message": "[ARCHIVE CLEANUP] 完成: 发现 1 个 orphan (dry_run=False)", "action": ""}
{"ts": "2026-05-23T16:19:23+08:00", "level": "ERROR", "component": "pipeline", "message": "[TIMEOUT] pipeline exceeded 0.05s"}
{"ts": "2026-05-23T16:19:23+08:00", "level": "INFO", "component": "writer", "message": "[ARCHIVE CLEANUP] 完成: 发现 1 个 orphan (dry_run=True)", "action": ""}
{"ts": "2026-05-23T16:19:24+08:00", "level": "ERROR", "component": "writer", "message": "[ARCHIVE CLEANUP] 删除失败: C:\\Users\\17699\\AppData\\Local\\Temp\\pytest-of-17699\\pytest-199\\test_orphan_actual_deletion0\\archive\\reports\\orphan_report.md: [WinError 2] 系统找不到指定的文件。: 'C:\\\\Users\\\\17699\\\\AppData\\\\Local\\\\Temp\\\\pytest-of-17699\\\\pytest-199\\\\test_orphan_actual_deletion0\\\\archive\\\\reports\\\\orphan_report.md'", "action": ""}
{"ts": "2026-05-23T16:19:24+08:00", "level": "ERROR", "component": "writer", "message": "[ARCHIVE CLEANUP] 删除失败: C:\\Users\\17699\\AppData\\Local\\Temp\\pytest-of-17699\\pytest-199\\test_orphan_actual_deletion0\\archive\\ddl\\orphan_ddl.sql: [WinError 2] 系统找不到指定的文件。: 'C:\\\\Users\\\\17699\\\\AppData\\\\Local\\\\Temp\\\\pytest-of-17699\\\\pytest-199\\\\test_orphan_actual_deletion0\\\\archive\\\\ddl\\\\orphan_ddl.sql'", "action": ""}
{"ts": "2026-05-23T16:19:24+08:00", "level": "INFO", "component": "writer", "message": "[ARCHIVE CLEANUP] 完成: 发现 2 个 orphan (dry_run=False)", "action": ""}
{"ts": "2026-05-23T16:19:24+08:00", "level": "ERROR", "component": "writer", "message": "[ARCHIVE CLEANUP] 删除失败: C:\\Users\\17699\\AppData\\Local\\Temp\\pytest-of-17699\\pytest-199\\test_cleanup_idempotent0\\archive\\reports\\orphan.md: [WinError 2] 系统找不到指定的文件。: 'C:\\\\Users\\\\17699\\\\AppData\\\\Local\\\\Temp\\\\pytest-of-17699\\\\pytest-199\\\\test_cleanup_idempotent0\\\\archive\\\\reports\\\\orphan.md'", "action": ""}
{"ts": "2026-05-23T16:19:24+08:00", "level": "INFO", "component": "writer", "message": "[ARCHIVE CLEANUP] 完成: 发现 1 个 orphan (dry_run=False)", "action": ""}
{"ts": "2026-05-23T16:19:24+08:00", "level": "INFO", "component": "writer", "message": "[ARCHIVE CLEANUP] 完成: 发现 0 个 orphan (dry_run=False)", "action": ""}
{"ts": "2026-05-23T16:19:24+08:00", "level": "ERROR", "component": "writer", "message": "[ARCHIVE CLEANUP] DB 查询失败: no such table: analysis_docs", "action": ""}
{"ts": "2026-05-23T16:19:24+08:00", "level": "INFO", "component": "writer", "message": "[ARCHIVE CLEANUP] 完成: 发现 1 个 orphan (dry_run=True)", "action": ""}
{"ts": "2026-05-23T16:19:24+08:00", "level": "INFO", "component": "writer", "message": "[ARCHIVE CLEANUP] 完成: 发现 1 个 orphan (dry_run=True)", "action": ""}
{"ts": "2026-05-23T16:19:24+08:00", "level": "ERROR", "component": "writer", "message": "[ARCHIVE CLEANUP] 删除失败: C:\\Users\\17699\\AppData\\Local\\Temp\\pytest-of-17699\\pytest-199\\test_safety_referenced_file_no0\\archive\\reports\\orphan.md: [WinError 2] 系统找不到指定的文件。: 'C:\\\\Users\\\\17699\\\\AppData\\\\Local\\\\Temp\\\\pytest-of-17699\\\\pytest-199\\\\test_safety_referenced_file_no0\\\\archive\\\\reports\\\\orphan.md'", "action": ""}
{"ts": "2026-05-23T16:19:24+08:00", "level": "INFO", "component": "writer", "message": "[ARCHIVE CLEANUP] 完成: 发现 1 个 orphan (dry_run=False)", "action": ""}
{"ts": "2026-05-23T16:19:24+08:00", "level": "INFO", "component": "writer", "message": "[ARCHIVE CLEANUP] 完成: 发现 1 个 orphan (dry_run=True)", "action": ""}
{"ts": "2026-05-23T16:19:24+08:00", "level": "ERROR", "component": "writer", "message": "[ARCHIVE CLEANUP] 删除失败: C:\\Users\\17699\\AppData\\Local\\Temp\\pytest-of-17699\\pytest-199\\test_cleanup_with_delete_error0\\archive\\reports\\orphan.md: 权限不足", "action": ""}
{"ts": "2026-05-23T16:19:24+08:00", "level": "INFO", "component": "writer", "message": "[ARCHIVE CLEANUP] 完成: 发现 1 个 orphan (dry_run=False)", "action": ""}
{"ts": "2026-05-23T16:20:26+08:00", "level": "ERROR", "component": "pipeline", "message": "[TIMEOUT] pipeline exceeded 0.05s"}
{"ts": "2026-05-23T16:20:26+08:00", "level": "INFO", "component": "writer", "message": "[ARCHIVE CLEANUP] 完成: 发现 1 个 orphan (dry_run=True)", "action": ""}
{"ts": "2026-05-23T16:20:26+08:00", "level": "ERROR", "component": "writer", "message": "[ARCHIVE CLEANUP] 删除失败: C:\\Users\\17699\\AppData\\Local\\Temp\\pytest-of-17699\\pytest-200\\test_orphan_actual_deletion0\\archive\\reports\\orphan_report.md: [WinError 2] 系统找不到指定的文件。: 'C:\\\\Users\\\\17699\\\\AppData\\\\Local\\\\Temp\\\\pytest-of-17699\\\\pytest-200\\\\test_orphan_actual_deletion0\\\\archive\\\\reports\\\\orphan_report.md'", "action": ""}
{"ts": "2026-05-23T16:20:26+08:00", "level": "ERROR", "component": "writer", "message": "[ARCHIVE CLEANUP] 删除失败: C:\\Users\\17699\\AppData\\Local\\Temp\\pytest-of-17699\\pytest-200\\test_orphan_actual_deletion0\\archive\\ddl\\orphan_ddl.sql: [WinError 2] 系统找不到指定的文件。: 'C:\\\\Users\\\\17699\\\\AppData\\\\Local\\\\Temp\\\\pytest-of-17699\\\\pytest-200\\\\test_orphan_actual_deletion0\\\\archive\\\\ddl\\\\orphan_ddl.sql'", "action": ""}
{"ts": "2026-05-23T16:20:26+08:00", "level": "INFO", "component": "writer", "message": "[ARCHIVE CLEANUP] 完成: 发现 2 个 orphan (dry_run=False)", "action": ""}
{"ts": "2026-05-23T16:20:26+08:00", "level": "ERROR", "component": "writer", "message": "[ARCHIVE CLEANUP] 删除失败: C:\\Users\\17699\\AppData\\Local\\Temp\\pytest-of-17699\\pytest-200\\test_cleanup_idempotent0\\archive\\reports\\orphan.md: [WinError 2] 系统找不到指定的文件。: 'C:\\\\Users\\\\17699\\\\AppData\\\\Local\\\\Temp\\\\pytest-of-17699\\\\pytest-200\\\\test_cleanup_idempotent0\\\\archive\\\\reports\\\\orphan.md'", "action": ""}
{"ts": "2026-05-23T16:20:26+08:00", "level": "INFO", "component": "writer", "message": "[ARCHIVE CLEANUP] 完成: 发现 1 个 orphan (dry_run=False)", "action": ""}
{"ts": "2026-05-23T16:20:26+08:00", "level": "INFO", "component": "writer", "message": "[ARCHIVE CLEANUP] 完成: 发现 0 个 orphan (dry_run=False)", "action": ""}
{"ts": "2026-05-23T16:20:26+08:00", "level": "ERROR", "component": "writer", "message": "[ARCHIVE CLEANUP] DB 查询失败: no such table: analysis_docs", "action": ""}
{"ts": "2026-05-23T16:20:26+08:00", "level": "INFO", "component": "writer", "message": "[ARCHIVE CLEANUP] 完成: 发现 1 个 orphan (dry_run=True)", "action": ""}
{"ts": "2026-05-23T16:20:26+08:00", "level": "INFO", "component": "writer", "message": "[ARCHIVE CLEANUP] 完成: 发现 1 个 orphan (dry_run=True)", "action": ""}
{"ts": "2026-05-23T16:20:26+08:00", "level": "ERROR", "component": "writer", "message": "[ARCHIVE CLEANUP] 删除失败: C:\\Users\\17699\\AppData\\Local\\Temp\\pytest-of-17699\\pytest-200\\test_safety_referenced_file_no0\\archive\\reports\\orphan.md: [WinError 2] 系统找不到指定的文件。: 'C:\\\\Users\\\\17699\\\\AppData\\\\Local\\\\Temp\\\\pytest-of-17699\\\\pytest-200\\\\test_safety_referenced_file_no0\\\\archive\\\\reports\\\\orphan.md'", "action": ""}
{"ts": "2026-05-23T16:20:26+08:00", "level": "INFO", "component": "writer", "message": "[ARCHIVE CLEANUP] 完成: 发现 1 个 orphan (dry_run=False)", "action": ""}
{"ts": "2026-05-23T16:20:26+08:00", "level": "INFO", "component": "writer", "message": "[ARCHIVE CLEANUP] 完成: 发现 1 个 orphan (dry_run=True)", "action": ""}
{"ts": "2026-05-23T16:20:26+08:00", "level": "ERROR", "component": "writer", "message": "[ARCHIVE CLEANUP] 删除失败: C:\\Users\\17699\\AppData\\Local\\Temp\\pytest-of-17699\\pytest-200\\test_cleanup_with_delete_error0\\archive\\reports\\orphan.md: 权限不足", "action": ""}
{"ts": "2026-05-23T16:20:26+08:00", "level": "INFO", "component": "writer", "message": "[ARCHIVE CLEANUP] 完成: 发现 1 个 orphan (dry_run=False)", "action": ""}
{"ts": "2026-05-23T16:20:27+08:00", "level": "ERROR", "component": "pipeline", "message": "[TIMEOUT] pipeline exceeded 1s"}
{"ts": "2026-05-23T16:20:41+08:00", "level": "INFO", "component": "pipeline", "message": "[START] ingest pipeline", "run_id": "4f4b377a-7cba-4842-b566-7bd483559c16", "action": "start"}
{"ts": "2026-05-23T16:20:41+08:00", "level": "INFO", "component": "datasource", "message": "[START] data source phase", "run_id": "4f4b377a-7cba-4842-b566-7bd483559c16", "action": "start"}
{"ts": "2026-05-23T16:20:41+08:00", "level": "INFO", "component": "datasource", "message": "[END] data source phase: found 1 perf row, 0 doc files", "action": "end", "duration_ms": 1.99}
{"ts": "2026-05-23T16:20:41+08:00", "level": "INFO", "component": "transformer", "message": "[START] transform phase", "run_id": "4f4b377a-7cba-4842-b566-7bd483559c16", "action": "start"}
{"ts": "2026-05-23T16:20:41+08:00", "level": "INFO", "component": "transformer", "message": "[END] transform phase: validated PipelineInput ready", "action": "end", "duration_ms": 0.18}
{"ts": "2026-05-23T16:20:41+08:00", "level": "INFO", "component": "validator", "message": "[START] validate phase", "run_id": "4f4b377a-7cba-4842-b566-7bd483559c16", "action": "start"}
{"ts": "2026-05-23T16:20:41+08:00", "level": "INFO", "component": "validator", "message": "[END] validate phase: 6 checks (5 PASS, 1 WARN, 0 ERROR)", "action": "end", "duration_ms": 2.55}
{"ts": "2026-05-23T16:20:41+08:00", "level": "INFO", "component": "pipeline", "message": "[DRY-RUN] completed", "action": "dry_run", "duration_ms": 6.5}
{"ts": "2026-05-23T16:21:13+08:00", "level": "ERROR", "component": "pipeline", "message": "[TIMEOUT] pipeline exceeded 0.05s"}
{"ts": "2026-05-23T16:21:13+08:00", "level": "INFO", "component": "writer", "message": "[ARCHIVE CLEANUP] 完成: 发现 1 个 orphan (dry_run=True)", "action": ""}
{"ts": "2026-05-23T16:21:13+08:00", "level": "ERROR", "component": "writer", "message": "[ARCHIVE CLEANUP] 删除失败: C:\\Users\\17699\\AppData\\Local\\Temp\\pytest-of-17699\\pytest-201\\test_orphan_actual_deletion0\\archive\\reports\\orphan_report.md: [WinError 2] 系统找不到指定的文件。: 'C:\\\\Users\\\\17699\\\\AppData\\\\Local\\\\Temp\\\\pytest-of-17699\\\\pytest-201\\\\test_orphan_actual_deletion0\\\\archive\\\\reports\\\\orphan_report.md'", "action": ""}
{"ts": "2026-05-23T16:21:13+08:00", "level": "ERROR", "component": "writer", "message": "[ARCHIVE CLEANUP] 删除失败: C:\\Users\\17699\\AppData\\Local\\Temp\\pytest-of-17699\\pytest-201\\test_orphan_actual_deletion0\\archive\\ddl\\orphan_ddl.sql: [WinError 2] 系统找不到指定的文件。: 'C:\\\\Users\\\\17699\\\\AppData\\\\Local\\\\Temp\\\\pytest-of-17699\\\\pytest-201\\\\test_orphan_actual_deletion0\\\\archive\\\\ddl\\\\orphan_ddl.sql'", "action": ""}
{"ts": "2026-05-23T16:21:13+08:00", "level": "INFO", "component": "writer", "message": "[ARCHIVE CLEANUP] 完成: 发现 2 个 orphan (dry_run=False)", "action": ""}
{"ts": "2026-05-23T16:21:13+08:00", "level": "ERROR", "component": "writer", "message": "[ARCHIVE CLEANUP] 删除失败: C:\\Users\\17699\\AppData\\Local\\Temp\\pytest-of-17699\\pytest-201\\test_cleanup_idempotent0\\archive\\reports\\orphan.md: [WinError 2] 系统找不到指定的文件。: 'C:\\\\Users\\\\17699\\\\AppData\\\\Local\\\\Temp\\\\pytest-of-17699\\\\pytest-201\\\\test_cleanup_idempotent0\\\\archive\\\\reports\\\\orphan.md'", "action": ""}
{"ts": "2026-05-23T16:21:13+08:00", "level": "INFO", "component": "writer", "message": "[ARCHIVE CLEANUP] 完成: 发现 1 个 orphan (dry_run=False)", "action": ""}
{"ts": "2026-05-23T16:21:13+08:00", "level": "INFO", "component": "writer", "message": "[ARCHIVE CLEANUP] 完成: 发现 0 个 orphan (dry_run=False)", "action": ""}
{"ts": "2026-05-23T16:21:13+08:00", "level": "ERROR", "component": "writer", "message": "[ARCHIVE CLEANUP] DB 查询失败: no such table: analysis_docs", "action": ""}
{"ts": "2026-05-23T16:21:13+08:00", "level": "INFO", "component": "writer", "message": "[ARCHIVE CLEANUP] 完成: 发现 1 个 orphan (dry_run=True)", "action": ""}
{"ts": "2026-05-23T16:21:13+08:00", "level": "INFO", "component": "writer", "message": "[ARCHIVE CLEANUP] 完成: 发现 1 个 orphan (dry_run=True)", "action": ""}
{"ts": "2026-05-23T16:21:13+08:00", "level": "ERROR", "component": "writer", "message": "[ARCHIVE CLEANUP] 删除失败: C:\\Users\\17699\\AppData\\Local\\Temp\\pytest-of-17699\\pytest-201\\test_safety_referenced_file_no0\\archive\\reports\\orphan.md: [WinError 2] 系统找不到指定的文件。: 'C:\\\\Users\\\\17699\\\\AppData\\\\Local\\\\Temp\\\\pytest-of-17699\\\\pytest-201\\\\test_safety_referenced_file_no0\\\\archive\\\\reports\\\\orphan.md'", "action": ""}
{"ts": "2026-05-23T16:21:13+08:00", "level": "INFO", "component": "writer", "message": "[ARCHIVE CLEANUP] 完成: 发现 1 个 orphan (dry_run=False)", "action": ""}
{"ts": "2026-05-23T16:21:13+08:00", "level": "INFO", "component": "writer", "message": "[ARCHIVE CLEANUP] 完成: 发现 1 个 orphan (dry_run=True)", "action": ""}
{"ts": "2026-05-23T16:21:13+08:00", "level": "ERROR", "component": "writer", "message": "[ARCHIVE CLEANUP] 删除失败: C:\\Users\\17699\\AppData\\Local\\Temp\\pytest-of-17699\\pytest-201\\test_cleanup_with_delete_error0\\archive\\reports\\orphan.md: 权限不足", "action": ""}
{"ts": "2026-05-23T16:21:13+08:00", "level": "INFO", "component": "writer", "message": "[ARCHIVE CLEANUP] 完成: 发现 1 个 orphan (dry_run=False)", "action": ""}
{"ts": "2026-05-23T16:21:14+08:00", "level": "ERROR", "component": "pipeline", "message": "[TIMEOUT] pipeline exceeded 1s"}
{"ts": "2026-05-23T16:23:08+08:00", "level": "INFO", "component": "pipeline", "message": "[START] ingest pipeline", "run_id": "4f4b377a-7cba-4842-b566-7bd483559c16", "action": "start"}
{"ts": "2026-05-23T16:23:08+08:00", "level": "INFO", "component": "datasource", "message": "[START] data source phase", "run_id": "4f4b377a-7cba-4842-b566-7bd483559c16", "action": "start"}
{"ts": "2026-05-23T16:23:08+08:00", "level": "INFO", "component": "datasource", "message": "[END] data source phase: found 1 perf row, 0 doc files", "action": "end", "duration_ms": 1.75}
{"ts": "2026-05-23T16:23:08+08:00", "level": "INFO", "component": "transformer", "message": "[START] transform phase", "run_id": "4f4b377a-7cba-4842-b566-7bd483559c16", "action": "start"}
{"ts": "2026-05-23T16:23:08+08:00", "level": "INFO", "component": "transformer", "message": "[END] transform phase: validated PipelineInput ready", "action": "end", "duration_ms": 0.16}
{"ts": "2026-05-23T16:23:08+08:00", "level": "INFO", "component": "validator", "message": "[START] validate phase", "run_id": "4f4b377a-7cba-4842-b566-7bd483559c16", "action": "start"}
{"ts": "2026-05-23T16:23:08+08:00", "level": "INFO", "component": "validator", "message": "[END] validate phase: 6 checks (5 PASS, 1 WARN, 0 ERROR)", "action": "end", "duration_ms": 2.56}
{"ts": "2026-05-23T16:23:08+08:00", "level": "INFO", "component": "pipeline", "message": "[DRY-RUN] completed", "action": "dry_run", "duration_ms": 5.99}
{"ts": "2026-05-23T16:23:08+08:00", "level": "INFO", "component": "pipeline", "message": "[START] ingest pipeline", "run_id": "nonexistent_run_id_xyz", "action": "start"}
{"ts": "2026-05-23T16:23:08+08:00", "level": "INFO", "component": "datasource", "message": "[START] data source phase", "run_id": "nonexistent_run_id_xyz", "action": "start"}
{"ts": "2026-05-23T16:23:08+08:00", "level": "INFO", "component": "datasource", "message": "[END] data source phase: found 0 perf row, 0 doc files", "action": "end", "duration_ms": 1.51}
{"ts": "2026-05-23T16:23:08+08:00", "level": "INFO", "component": "transformer", "message": "[START] transform phase", "run_id": "nonexistent_run_id_xyz", "action": "start"}
{"ts": "2026-05-23T16:23:08+08:00", "level": "ERROR", "component": "pipeline", "message": "[ERROR] pipeline failed: [DataSourceError] 未找到 performance_summary 记录：run_id=nonexistent_run_id_xyz | sql=N/A params=N/A | traceback=Traceback (most recent call last):\n  File \"C:\\Users\\17699\\mozhi_platform\\src\\backtest\\analysis\\ingest\\pipeline.py\", line 274, in run\n    input_data = self._transformer.transform(\n        self.run_id,\n    ...<2 lines>...\n        doc_files=doc_files,\n    )\n  File \"C:\\Users\\17699\\mozhi_platform\\src\\backtest\\analysis\\ingest\\transformer.py\", line 71, in transform\n    raise DataSourceError(\n    ...<2 lines>...\n    )\nsrc.backtest.analysis.ingest.datasource.DataSourceError: 未找到 performance_summary 记录：ru", "run_id": "nonexistent_run_id_xyz", "action": "fail", "traceback": "Traceback (most recent call last):\n  File \"C:\\Users\\17699\\mozhi_platform\\src\\backtest\\analysis\\ingest\\pipeline.py\", line 274, in run\n    input_data = self._transformer.transform(\n        self.run_id,\n    ...<2 lines>...\n        doc_files=doc_files,\n    )\n  File \"C:\\Users\\17699\\mozhi_platform\\src\\backtest\\analysis\\ingest\\transformer.py\", line 71, in transform\n    raise DataSourceError(\n    ...<2 lines>...\n    )\nsrc.backtest.analysis.ingest.datasource.DataSourceError: 未找到 performance_summary 记录：run_id=nonexistent_run_id_xyz\n"}
{"ts": "2026-05-23T16:23:08+08:00", "level": "ERROR", "component": "writer", "message": "[SIGNAL] .failed written: C:\\Users\\17699\\AppData\\Local\\Temp\\tmp5ckhmdee\\p5_fail_test_1779524588_moheng.failed", "action": ""}
{"ts": "2026-05-23T16:23:29+08:00", "level": "ERROR", "component": "pipeline", "message": "[TIMEOUT] pipeline exceeded 0.05s"}
{"ts": "2026-05-23T16:23:29+08:00", "level": "INFO", "component": "writer", "message": "[ARCHIVE CLEANUP] 完成: 发现 1 个 orphan (dry_run=True)", "action": ""}
{"ts": "2026-05-23T16:23:29+08:00", "level": "ERROR", "component": "writer", "message": "[ARCHIVE CLEANUP] 删除失败: C:\\Users\\17699\\AppData\\Local\\Temp\\pytest-of-17699\\pytest-202\\test_orphan_actual_deletion0\\archive\\reports\\orphan_report.md: [WinError 2] 系统找不到指定的文件。: 'C:\\\\Users\\\\17699\\\\AppData\\\\Local\\\\Temp\\\\pytest-of-17699\\\\pytest-202\\\\test_orphan_actual_deletion0\\\\archive\\\\reports\\\\orphan_report.md'", "action": ""}
{"ts": "2026-05-23T16:23:29+08:00", "level": "ERROR", "component": "writer", "message": "[ARCHIVE CLEANUP] 删除失败: C:\\Users\\17699\\AppData\\Local\\Temp\\pytest-of-17699\\pytest-202\\test_orphan_actual_deletion0\\archive\\ddl\\orphan_ddl.sql: [WinError 2] 系统找不到指定的文件。: 'C:\\\\Users\\\\17699\\\\AppData\\\\Local\\\\Temp\\\\pytest-of-17699\\\\pytest-202\\\\test_orphan_actual_deletion0\\\\archive\\\\ddl\\\\orphan_ddl.sql'", "action": ""}
{"ts": "2026-05-23T16:23:29+08:00", "level": "INFO", "component": "writer", "message": "[ARCHIVE CLEANUP] 完成: 发现 2 个 orphan (dry_run=False)", "action": ""}
{"ts": "2026-05-23T16:23:29+08:00", "level": "ERROR", "component": "writer", "message": "[ARCHIVE CLEANUP] 删除失败: C:\\Users\\17699\\AppData\\Local\\Temp\\pytest-of-17699\\pytest-202\\test_cleanup_idempotent0\\archive\\reports\\orphan.md: [WinError 2] 系统找不到指定的文件。: 'C:\\\\Users\\\\17699\\\\AppData\\\\Local\\\\Temp\\\\pytest-of-17699\\\\pytest-202\\\\test_cleanup_idempotent0\\\\archive\\\\reports\\\\orphan.md'", "action": ""}
{"ts": "2026-05-23T16:23:29+08:00", "level": "INFO", "component": "writer", "message": "[ARCHIVE CLEANUP] 完成: 发现 1 个 orphan (dry_run=False)", "action": ""}
{"ts": "2026-05-23T16:23:29+08:00", "level": "INFO", "component": "writer", "message": "[ARCHIVE CLEANUP] 完成: 发现 0 个 orphan (dry_run=False)", "action": ""}
{"ts": "2026-05-23T16:23:29+08:00", "level": "ERROR", "component": "writer", "message": "[ARCHIVE CLEANUP] DB 查询失败: no such table: analysis_docs", "action": ""}
{"ts": "2026-05-23T16:23:29+08:00", "level": "INFO", "component": "writer", "message": "[ARCHIVE CLEANUP] 完成: 发现 1 个 orphan (dry_run=True)", "action": ""}
{"ts": "2026-05-23T16:23:29+08:00", "level": "INFO", "component": "writer", "message": "[ARCHIVE CLEANUP] 完成: 发现 1 个 orphan (dry_run=True)", "action": ""}
{"ts": "2026-05-23T16:23:29+08:00", "level": "ERROR", "component": "writer", "message": "[ARCHIVE CLEANUP] 删除失败: C:\\Users\\17699\\AppData\\Local\\Temp\\pytest-of-17699\\pytest-202\\test_safety_referenced_file_no0\\archive\\reports\\orphan.md: [WinError 2] 系统找不到指定的文件。: 'C:\\\\Users\\\\17699\\\\AppData\\\\Local\\\\Temp\\\\pytest-of-17699\\\\pytest-202\\\\test_safety_referenced_file_no0\\\\archive\\\\reports\\\\orphan.md'", "action": ""}
{"ts": "2026-05-23T16:23:29+08:00", "level": "INFO", "component": "writer", "message": "[ARCHIVE CLEANUP] 完成: 发现 1 个 orphan (dry_run=False)", "action": ""}
{"ts": "2026-05-23T16:23:29+08:00", "level": "INFO", "component": "writer", "message": "[ARCHIVE CLEANUP] 完成: 发现 1 个 orphan (dry_run=True)", "action": ""}
{"ts": "2026-05-23T16:23:29+08:00", "level": "ERROR", "component": "writer", "message": "[ARCHIVE CLEANUP] 删除失败: C:\\Users\\17699\\AppData\\Local\\Temp\\pytest-of-17699\\pytest-202\\test_cleanup_with_delete_error0\\archive\\reports\\orphan.md: 权限不足", "action": ""}
{"ts": "2026-05-23T16:23:29+08:00", "level": "INFO", "component": "writer", "message": "[ARCHIVE CLEANUP] 完成: 发现 1 个 orphan (dry_run=False)", "action": ""}
{"ts": "2026-05-23T16:23:30+08:00", "level": "ERROR", "component": "pipeline", "message": "[TIMEOUT] pipeline exceeded 1s"}
{"ts": "2026-05-23T16:23:30+08:00", "level": "INFO", "component": "pipeline", "message": "[START] ingest pipeline", "run_id": "4f4b377a-7cba-4842-b566-7bd483559c16", "action": "start"}
{"ts": "2026-05-23T16:23:30+08:00", "level": "INFO", "component": "datasource", "message": "[START] data source phase", "run_id": "4f4b377a-7cba-4842-b566-7bd483559c16", "action": "start"}
{"ts": "2026-05-23T16:23:30+08:00", "level": "INFO", "component": "datasource", "message": "[END] data source phase: found 1 perf row, 0 doc files", "action": "end", "duration_ms": 1.77}
{"ts": "2026-05-23T16:23:30+08:00", "level": "INFO", "component": "transformer", "message": "[START] transform phase", "run_id": "4f4b377a-7cba-4842-b566-7bd483559c16", "action": "start"}
{"ts": "2026-05-23T16:23:30+08:00", "level": "INFO", "component": "transformer", "message": "[END] transform phase: validated PipelineInput ready", "action": "end", "duration_ms": 0.17}
{"ts": "2026-05-23T16:23:30+08:00", "level": "INFO", "component": "validator", "message": "[START] validate phase", "run_id": "4f4b377a-7cba-4842-b566-7bd483559c16", "action": "start"}
{"ts": "2026-05-23T16:23:30+08:00", "level": "INFO", "component": "validator", "message": "[END] validate phase: 6 checks (5 PASS, 1 WARN, 0 ERROR)", "action": "end", "duration_ms": 2.54}
{"ts": "2026-05-23T16:23:30+08:00", "level": "INFO", "component": "pipeline", "message": "[DRY-RUN] completed", "action": "dry_run", "duration_ms": 6.1}
{"ts": "2026-05-23T16:23:30+08:00", "level": "INFO", "component": "pipeline", "message": "[START] ingest pipeline", "run_id": "4f4b377a-7cba-4842-b566-7bd483559c16", "action": "start"}
{"ts": "2026-05-23T16:23:30+08:00", "level": "INFO", "component": "datasource", "message": "[START] data source phase", "run_id": "4f4b377a-7cba-4842-b566-7bd483559c16", "action": "start"}
{"ts": "2026-05-23T16:23:30+08:00", "level": "INFO", "component": "datasource", "message": "[END] data source phase: found 1 perf row, 0 doc files", "action": "end", "duration_ms": 7.19}
{"ts": "2026-05-23T16:23:30+08:00", "level": "INFO", "component": "transformer", "message": "[START] transform phase", "run_id": "4f4b377a-7cba-4842-b566-7bd483559c16", "action": "start"}
{"ts": "2026-05-23T16:23:30+08:00", "level": "INFO", "component": "transformer", "message": "[END] transform phase: validated PipelineInput ready", "action": "end", "duration_ms": 0.15}
{"ts": "2026-05-23T16:23:30+08:00", "level": "INFO", "component": "validator", "message": "[START] validate phase", "run_id": "4f4b377a-7cba-4842-b566-7bd483559c16", "action": "start"}
{"ts": "2026-05-23T16:23:30+08:00", "level": "INFO", "component": "validator", "message": "[END] validate phase: 6 checks (5 PASS, 1 WARN, 0 ERROR)", "action": "end", "duration_ms": 2.64}
{"ts": "2026-05-23T16:23:30+08:00", "level": "INFO", "component": "writer", "message": "[IDEMPOTENT] 无已有记录 → INSERT", "action": ""}
{"ts": "2026-05-23T16:23:30+08:00", "level": "INFO", "component": "writer", "message": "[START] write phase: BEGIN transaction", "action": ""}
{"ts": "2026-05-23T16:23:30+08:00", "level": "INFO", "component": "writer", "message": "[INSERT] analysis_meta: id=46 run_id=4f4b377a-7cba-4842-b566-7bd483559c16", "action": ""}
{"ts": "2026-05-23T16:23:30+08:00", "level": "INFO", "component": "writer", "message": "[INSERT] analysis_metrics_core: 1 row (metric_group=daily)", "action": ""}
{"ts": "2026-05-23T16:23:30+08:00", "level": "INFO", "component": "writer", "message": "[INSERT] analysis_docs: doc_type=summary_report", "action": ""}
{"ts": "2026-05-23T16:23:30+08:00", "level": "INFO", "component": "writer", "message": "[UPSERT] schema_version: version=4.0", "action": ""}
{"ts": "2026-05-23T16:23:30+08:00", "level": "INFO", "component": "writer", "message": "[END] write phase: COMMIT transaction", "action": ""}
{"ts": "2026-05-23T16:23:30+08:00", "level": "WARNING", "component": "writer", "message": "[ARCHIVE] 已标记归档失败: analysis_id=46 doc_type=summary_report", "action": ""}
{"ts": "2026-05-23T16:23:30+08:00", "level": "INFO", "component": "pipeline", "message": "[END] pipeline completed: status=WARN operation=INSERT", "run_id": "4f4b377a-7cba-4842-b566-7bd483559c16", "action": "end", "status": "WARN"}
{"ts": "2026-05-23T16:23:30+08:00", "level": "INFO", "component": "pipeline", "message": "[START] ingest pipeline", "run_id": "4f4b377a-7cba-4842-b566-7bd483559c16", "action": "start"}
{"ts": "2026-05-23T16:23:30+08:00", "level": "INFO", "component": "datasource", "message": "[START] data source phase", "run_id": "4f4b377a-7cba-4842-b566-7bd483559c16", "action": "start"}
{"ts": "2026-05-23T16:23:30+08:00", "level": "INFO", "component": "datasource", "message": "[END] data source phase: found 1 perf row, 0 doc files", "action": "end", "duration_ms": 1.54}
{"ts": "2026-05-23T16:23:30+08:00", "level": "INFO", "component": "transformer", "message": "[START] transform phase", "run_id": "4f4b377a-7cba-4842-b566-7bd483559c16", "action": "start"}
{"ts": "2026-05-23T16:23:30+08:00", "level": "INFO", "component": "transformer", "message": "[END] transform phase: validated PipelineInput ready", "action": "end", "duration_ms": 0.14}
{"ts": "2026-05-23T16:23:30+08:00", "level": "INFO", "component": "validator", "message": "[START] validate phase", "run_id": "4f4b377a-7cba-4842-b566-7bd483559c16", "action": "start"}
{"ts": "2026-05-23T16:23:30+08:00", "level": "INFO", "component": "validator", "message": "[END] validate phase: 6 checks (5 PASS, 1 WARN, 0 ERROR)", "action": "end", "duration_ms": 2.49}
{"ts": "2026-05-23T16:23:30+08:00", "level": "INFO", "component": "writer", "message": "[IDEMPOTENT] 无已有记录 → INSERT", "action": ""}
{"ts": "2026-05-23T16:23:30+08:00", "level": "INFO", "component": "writer", "message": "[START] write phase: BEGIN transaction", "action": ""}
{"ts": "2026-05-23T16:23:30+08:00", "level": "INFO", "component": "writer", "message": "[INSERT] analysis_meta: id=47 run_id=4f4b377a-7cba-4842-b566-7bd483559c16", "action": ""}
{"ts": "2026-05-23T16:23:30+08:00", "level": "INFO", "component": "writer", "message": "[INSERT] analysis_metrics_core: 1 row (metric_group=daily)", "action": ""}
{"ts": "2026-05-23T16:23:30+08:00", "level": "INFO", "component": "writer", "message": "[INSERT] analysis_docs: doc_type=summary_report", "action": ""}
{"ts": "2026-05-23T16:23:30+08:00", "level": "INFO", "component": "writer", "message": "[UPSERT] schema_version: version=4.0", "action": ""}
{"ts": "2026-05-23T16:23:30+08:00", "level": "INFO", "component": "writer", "message": "[END] write phase: COMMIT transaction", "action": ""}
{"ts": "2026-05-23T16:23:30+08:00", "level": "WARNING", "component": "writer", "message": "[ARCHIVE] 已标记归档失败: analysis_id=47 doc_type=summary_report", "action": ""}
{"ts": "2026-05-23T16:23:30+08:00", "level": "INFO", "component": "writer", "message": "[SIGNAL] .done written: C:\\Users\\17699\\AppData\\Local\\Temp\\tmprqw4snh2\\p5_test_1779524610_moheng.done", "action": ""}
{"ts": "2026-05-23T16:23:30+08:00", "level": "INFO", "component": "pipeline", "message": "[END] pipeline completed: status=WARN operation=INSERT", "run_id": "4f4b377a-7cba-4842-b566-7bd483559c16", "action": "end", "status": "WARN"}
{"ts": "2026-05-23T16:23:30+08:00", "level": "INFO", "component": "pipeline", "message": "[START] ingest pipeline", "run_id": "nonexistent_run_id_xyz", "action": "start"}
{"ts": "2026-05-23T16:23:30+08:00", "level": "INFO", "component": "datasource", "message": "[START] data source phase", "run_id": "nonexistent_run_id_xyz", "action": "start"}
{"ts": "2026-05-23T16:23:30+08:00", "level": "INFO", "component": "datasource", "message": "[END] data source phase: found 0 perf row, 0 doc files", "action": "end", "duration_ms": 1.44}
{"ts": "2026-05-23T16:23:30+08:00", "level": "INFO", "component": "transformer", "message": "[START] transform phase", "run_id": "nonexistent_run_id_xyz", "action": "start"}
{"ts": "2026-05-23T16:23:30+08:00", "level": "ERROR", "component": "pipeline", "message": "[ERROR] pipeline failed: [DataSourceError] 未找到 performance_summary 记录：run_id=nonexistent_run_id_xyz | sql=N/A params=N/A | traceback=Traceback (most recent call last):\n  File \"C:\\Users\\17699\\mozhi_platform\\src\\backtest\\analysis\\ingest\\pipeline.py\", line 274, in run\n    input_data = self._transformer.transform(\n        self.run_id,\n    ...<2 lines>...\n        doc_files=doc_files,\n    )\n  File \"C:\\Users\\17699\\mozhi_platform\\src\\backtest\\analysis\\ingest\\transformer.py\", line 71, in transform\n    raise DataSourceError(\n    ...<2 lines>...\n    )\nsrc.backtest.analysis.ingest.datasource.DataSourceError: 未找到 performance_summary 记录：ru", "run_id": "nonexistent_run_id_xyz", "action": "fail", "traceback": "Traceback (most recent call last):\n  File \"C:\\Users\\17699\\mozhi_platform\\src\\backtest\\analysis\\ingest\\pipeline.py\", line 274, in run\n    input_data = self._transformer.transform(\n        self.run_id,\n    ...<2 lines>...\n        doc_files=doc_files,\n    )\n  File \"C:\\Users\\17699\\mozhi_platform\\src\\backtest\\analysis\\ingest\\transformer.py\", line 71, in transform\n    raise DataSourceError(\n    ...<2 lines>...\n    )\nsrc.backtest.analysis.ingest.datasource.DataSourceError: 未找到 performance_summary 记录：run_id=nonexistent_run_id_xyz\n"}
{"ts": "2026-05-23T16:23:30+08:00", "level": "ERROR", "component": "writer", "message": "[SIGNAL] .failed written: C:\\Users\\17699\\AppData\\Local\\Temp\\tmpbty8dkv9\\p5_fail_test_1779524610_moheng.failed", "action": ""}
{"ts": "2026-05-23T16:25:24+08:00", "level": "ERROR", "component": "pipeline", "message": "[TIMEOUT] pipeline exceeded 0.05s"}
{"ts": "2026-05-23T16:25:24+08:00", "level": "INFO", "component": "writer", "message": "[ARCHIVE CLEANUP] 完成: 发现 1 个 orphan (dry_run=True)", "action": ""}
{"ts": "2026-05-23T16:25:24+08:00", "level": "ERROR", "component": "writer", "message": "[ARCHIVE CLEANUP] 删除失败: C:\\Users\\17699\\AppData\\Local\\Temp\\pytest-of-17699\\pytest-205\\test_orphan_actual_deletion0\\archive\\reports\\orphan_report.md: [WinError 2] 系统找不到指定的文件。: 'C:\\\\Users\\\\17699\\\\AppData\\\\Local\\\\Temp\\\\pytest-of-17699\\\\pytest-205\\\\test_orphan_actual_deletion0\\\\archive\\\\reports\\\\orphan_report.md'", "action": ""}
{"ts": "2026-05-23T16:25:24+08:00", "level": "ERROR", "component": "writer", "message": "[ARCHIVE CLEANUP] 删除失败: C:\\Users\\17699\\AppData\\Local\\Temp\\pytest-of-17699\\pytest-205\\test_orphan_actual_deletion0\\archive\\ddl\\orphan_ddl.sql: [WinError 2] 系统找不到指定的文件。: 'C:\\\\Users\\\\17699\\\\AppData\\\\Local\\\\Temp\\\\pytest-of-17699\\\\pytest-205\\\\test_orphan_actual_deletion0\\\\archive\\\\ddl\\\\orphan_ddl.sql'", "action": ""}
{"ts": "2026-05-23T16:25:24+08:00", "level": "INFO", "component": "writer", "message": "[ARCHIVE CLEANUP] 完成: 发现 2 个 orphan (dry_run=False)", "action": ""}
{"ts": "2026-05-23T16:25:24+08:00", "level": "ERROR", "component": "writer", "message": "[ARCHIVE CLEANUP] 删除失败: C:\\Users\\17699\\AppData\\Local\\Temp\\pytest-of-17699\\pytest-205\\test_cleanup_idempotent0\\archive\\reports\\orphan.md: [WinError 2] 系统找不到指定的文件。: 'C:\\\\Users\\\\17699\\\\AppData\\\\Local\\\\Temp\\\\pytest-of-17699\\\\pytest-205\\\\test_cleanup_idempotent0\\\\archive\\\\reports\\\\orphan.md'", "action": ""}
{"ts": "2026-05-23T16:25:24+08:00", "level": "INFO", "component": "writer", "message": "[ARCHIVE CLEANUP] 完成: 发现 1 个 orphan (dry_run=False)", "action": ""}
{"ts": "2026-05-23T16:25:24+08:00", "level": "INFO", "component": "writer", "message": "[ARCHIVE CLEANUP] 完成: 发现 0 个 orphan (dry_run=False)", "action": ""}
{"ts": "2026-05-23T16:25:24+08:00", "level": "ERROR", "component": "writer", "message": "[ARCHIVE CLEANUP] DB 查询失败: no such table: analysis_docs", "action": ""}
{"ts": "2026-05-23T16:25:24+08:00", "level": "INFO", "component": "writer", "message": "[ARCHIVE CLEANUP] 完成: 发现 1 个 orphan (dry_run=True)", "action": ""}
{"ts": "2026-05-23T16:25:24+08:00", "level": "INFO", "component": "writer", "message": "[ARCHIVE CLEANUP] 完成: 发现 1 个 orphan (dry_run=True)", "action": ""}
{"ts": "2026-05-23T16:25:24+08:00", "level": "ERROR", "component": "writer", "message": "[ARCHIVE CLEANUP] 删除失败: C:\\Users\\17699\\AppData\\Local\\Temp\\pytest-of-17699\\pytest-205\\test_safety_referenced_file_no0\\archive\\reports\\orphan.md: [WinError 2] 系统找不到指定的文件。: 'C:\\\\Users\\\\17699\\\\AppData\\\\Local\\\\Temp\\\\pytest-of-17699\\\\pytest-205\\\\test_safety_referenced_file_no0\\\\archive\\\\reports\\\\orphan.md'", "action": ""}
{"ts": "2026-05-23T16:25:24+08:00", "level": "INFO", "component": "writer", "message": "[ARCHIVE CLEANUP] 完成: 发现 1 个 orphan (dry_run=False)", "action": ""}
{"ts": "2026-05-23T16:25:24+08:00", "level": "INFO", "component": "writer", "message": "[ARCHIVE CLEANUP] 完成: 发现 1 个 orphan (dry_run=True)", "action": ""}
{"ts": "2026-05-23T16:25:24+08:00", "level": "ERROR", "component": "writer", "message": "[ARCHIVE CLEANUP] 删除失败: C:\\Users\\17699\\AppData\\Local\\Temp\\pytest-of-17699\\pytest-205\\test_cleanup_with_delete_error0\\archive\\reports\\orphan.md: 权限不足", "action": ""}
{"ts": "2026-05-23T16:25:24+08:00", "level": "INFO", "component": "writer", "message": "[ARCHIVE CLEANUP] 完成: 发现 1 个 orphan (dry_run=False)", "action": ""}
{"ts": "2026-05-23T16:25:25+08:00", "level": "ERROR", "component": "pipeline", "message": "[TIMEOUT] pipeline exceeded 1s"}
{"ts": "2026-05-23T16:25:25+08:00", "level": "INFO", "component": "pipeline", "message": "[START] ingest pipeline", "run_id": "4f4b377a-7cba-4842-b566-7bd483559c16", "action": "start"}
{"ts": "2026-05-23T16:25:25+08:00", "level": "INFO", "component": "datasource", "message": "[START] data source phase", "run_id": "4f4b377a-7cba-4842-b566-7bd483559c16", "action": "start"}
{"ts": "2026-05-23T16:25:25+08:00", "level": "INFO", "component": "datasource", "message": "[END] data source phase: found 1 perf row, 0 doc files", "action": "end", "duration_ms": 1.74}
{"ts": "2026-05-23T16:25:25+08:00", "level": "INFO", "component": "transformer", "message": "[START] transform phase", "run_id": "4f4b377a-7cba-4842-b566-7bd483559c16", "action": "start"}
{"ts": "2026-05-23T16:25:25+08:00", "level": "INFO", "component": "transformer", "message": "[END] transform phase: validated PipelineInput ready", "action": "end", "duration_ms": 0.17}
{"ts": "2026-05-23T16:25:25+08:00", "level": "INFO", "component": "validator", "message": "[START] validate phase", "run_id": "4f4b377a-7cba-4842-b566-7bd483559c16", "action": "start"}
{"ts": "2026-05-23T16:25:25+08:00", "level": "INFO", "component": "validator", "message": "[END] validate phase: 6 checks (5 PASS, 1 WARN, 0 ERROR)", "action": "end", "duration_ms": 2.49}
{"ts": "2026-05-23T16:25:25+08:00", "level": "INFO", "component": "pipeline", "message": "[DRY-RUN] completed", "action": "dry_run", "duration_ms": 5.89}
{"ts": "2026-05-23T16:25:51+08:00", "level": "INFO", "component": "pipeline", "message": "[START] ingest pipeline", "run_id": "4f4b377a-7cba-4842-b566-7bd483559c16", "action": "start"}
{"ts": "2026-05-23T16:25:51+08:00", "level": "INFO", "component": "datasource", "message": "[START] data source phase", "run_id": "4f4b377a-7cba-4842-b566-7bd483559c16", "action": "start"}
{"ts": "2026-05-23T16:25:51+08:00", "level": "INFO", "component": "datasource", "message": "[END] data source phase: found 1 perf row, 0 doc files", "action": "end", "duration_ms": 1.8}
{"ts": "2026-05-23T16:25:51+08:00", "level": "INFO", "component": "transformer", "message": "[START] transform phase", "run_id": "4f4b377a-7cba-4842-b566-7bd483559c16", "action": "start"}
{"ts": "2026-05-23T16:25:51+08:00", "level": "INFO", "component": "transformer", "message": "[END] transform phase: validated PipelineInput ready", "action": "end", "duration_ms": 0.18}
{"ts": "2026-05-23T16:25:51+08:00", "level": "INFO", "component": "validator", "message": "[START] validate phase", "run_id": "4f4b377a-7cba-4842-b566-7bd483559c16", "action": "start"}
{"ts": "2026-05-23T16:25:51+08:00", "level": "INFO", "component": "validator", "message": "[END] validate phase: 6 checks (5 PASS, 1 WARN, 0 ERROR)", "action": "end", "duration_ms": 2.65}
{"ts": "2026-05-23T16:25:51+08:00", "level": "INFO", "component": "pipeline", "message": "[DRY-RUN] completed", "action": "dry_run", "duration_ms": 6.18}
{"ts": "2026-05-23T16:25:56+08:00", "level": "INFO", "component": "pipeline", "message": "[START] ingest pipeline", "run_id": "4f4b377a-7cba-4842-b566-7bd483559c16", "action": "start"}
{"ts": "2026-05-23T16:25:56+08:00", "level": "INFO", "component": "datasource", "message": "[START] data source phase", "run_id": "4f4b377a-7cba-4842-b566-7bd483559c16", "action": "start"}
{"ts": "2026-05-23T16:25:56+08:00", "level": "INFO", "component": "datasource", "message": "[END] data source phase: found 1 perf row, 0 doc files", "action": "end", "duration_ms": 1.78}
{"ts": "2026-05-23T16:25:56+08:00", "level": "INFO", "component": "transformer", "message": "[START] transform phase", "run_id": "4f4b377a-7cba-4842-b566-7bd483559c16", "action": "start"}
{"ts": "2026-05-23T16:25:56+08:00", "level": "INFO", "component": "transformer", "message": "[END] transform phase: validated PipelineInput ready", "action": "end", "duration_ms": 0.16}
{"ts": "2026-05-23T16:25:56+08:00", "level": "INFO", "component": "validator", "message": "[START] validate phase", "run_id": "4f4b377a-7cba-4842-b566-7bd483559c16", "action": "start"}
{"ts": "2026-05-23T16:25:56+08:00", "level": "INFO", "component": "validator", "message": "[END] validate phase: 6 checks (5 PASS, 1 WARN, 0 ERROR)", "action": "end", "duration_ms": 2.62}
{"ts": "2026-05-23T16:25:56+08:00", "level": "INFO", "component": "pipeline", "message": "[DRY-RUN] completed", "action": "dry_run", "duration_ms": 6.13}
{"ts": "2026-05-23T16:26:33+08:00", "level": "INFO", "component": "pipeline", "message": "[START] ingest pipeline", "run_id": "4f4b377a-7cba-4842-b566-7bd483559c16", "action": "start"}
{"ts": "2026-05-23T16:26:33+08:00", "level": "INFO", "component": "datasource", "message": "[START] data source phase", "run_id": "4f4b377a-7cba-4842-b566-7bd483559c16", "action": "start"}
{"ts": "2026-05-23T16:26:33+08:00", "level": "INFO", "component": "datasource", "message": "[END] data source phase: found 1 perf row, 0 doc files", "action": "end", "duration_ms": 1.71}
{"ts": "2026-05-23T16:26:33+08:00", "level": "INFO", "component": "transformer", "message": "[START] transform phase", "run_id": "4f4b377a-7cba-4842-b566-7bd483559c16", "action": "start"}
{"ts": "2026-05-23T16:26:33+08:00", "level": "INFO", "component": "transformer", "message": "[END] transform phase: validated PipelineInput ready", "action": "end", "duration_ms": 0.17}
{"ts": "2026-05-23T16:26:33+08:00", "level": "INFO", "component": "validator", "message": "[START] validate phase", "run_id": "4f4b377a-7cba-4842-b566-7bd483559c16", "action": "start"}
{"ts": "2026-05-23T16:26:33+08:00", "level": "INFO", "component": "validator", "message": "[END] validate phase: 6 checks (5 PASS, 1 WARN, 0 ERROR)", "action": "end", "duration_ms": 2.48}
{"ts": "2026-05-23T16:26:33+08:00", "level": "INFO", "component": "pipeline", "message": "[DRY-RUN] completed", "action": "dry_run", "duration_ms": 6.03}
{"ts": "2026-05-23T16:26:33+08:00", "level": "INFO", "component": "pipeline", "message": "[START] ingest pipeline", "run_id": "nonexistent_run_id_xyz", "action": "start"}
{"ts": "2026-05-23T16:26:33+08:00", "level": "INFO", "component": "datasource", "message": "[START] data source phase", "run_id": "nonexistent_run_id_xyz", "action": "start"}
{"ts": "2026-05-23T16:26:33+08:00", "level": "INFO", "component": "datasource", "message": "[END] data source phase: found 0 perf row, 0 doc files", "action": "end", "duration_ms": 3.13}
{"ts": "2026-05-23T16:26:33+08:00", "level": "INFO", "component": "transformer", "message": "[START] transform phase", "run_id": "nonexistent_run_id_xyz", "action": "start"}
{"ts": "2026-05-23T16:26:33+08:00", "level": "ERROR", "component": "pipeline", "message": "[ERROR] pipeline failed: [DataSourceError] 未找到 performance_summary 记录：run_id=nonexistent_run_id_xyz | sql=N/A params=N/A | traceback=Traceback (most recent call last):\n  File \"C:\\Users\\17699\\mozhi_platform\\src\\backtest\\analysis\\ingest\\pipeline.py\", line 274, in run\n    input_data = self._transformer.transform(\n        self.run_id,\n    ...<2 lines>...\n        doc_files=doc_files,\n    )\n  File \"C:\\Users\\17699\\mozhi_platform\\src\\backtest\\analysis\\ingest\\transformer.py\", line 71, in transform\n    raise DataSourceError(\n    ...<2 lines>...\n    )\nsrc.backtest.analysis.ingest.datasource.DataSourceError: 未找到 performance_summary 记录：ru", "run_id": "nonexistent_run_id_xyz", "action": "fail", "traceback": "Traceback (most recent call last):\n  File \"C:\\Users\\17699\\mozhi_platform\\src\\backtest\\analysis\\ingest\\pipeline.py\", line 274, in run\n    input_data = self._transformer.transform(\n        self.run_id,\n    ...<2 lines>...\n        doc_files=doc_files,\n    )\n  File \"C:\\Users\\17699\\mozhi_platform\\src\\backtest\\analysis\\ingest\\transformer.py\", line 71, in transform\n    raise DataSourceError(\n    ...<2 lines>...\n    )\nsrc.backtest.analysis.ingest.datasource.DataSourceError: 未找到 performance_summary 记录：run_id=nonexistent_run_id_xyz\n"}
{"ts": "2026-05-23T16:26:33+08:00", "level": "ERROR", "component": "writer", "message": "[SIGNAL] .failed written: C:\\Users\\17699\\AppData\\Local\\Temp\\tmpj85s1bd7\\p5_fail_test_1779524793_moheng.failed", "action": ""}
{"ts": "2026-05-23T16:26:39+08:00", "level": "ERROR", "component": "pipeline", "message": "[TIMEOUT] pipeline exceeded 0.05s"}
{"ts": "2026-05-23T16:26:39+08:00", "level": "INFO", "component": "writer", "message": "[ARCHIVE CLEANUP] 完成: 发现 1 个 orphan (dry_run=True)", "action": ""}
{"ts": "2026-05-23T16:26:39+08:00", "level": "ERROR", "component": "writer", "message": "[ARCHIVE CLEANUP] 删除失败: C:\\Users\\17699\\AppData\\Local\\Temp\\pytest-of-17699\\pytest-209\\test_orphan_actual_deletion0\\archive\\reports\\orphan_report.md: [WinError 2] 系统找不到指定的文件。: 'C:\\\\Users\\\\17699\\\\AppData\\\\Local\\\\Temp\\\\pytest-of-17699\\\\pytest-209\\\\test_orphan_actual_deletion0\\\\archive\\\\reports\\\\orphan_report.md'", "action": ""}
{"ts": "2026-05-23T16:26:39+08:00", "level": "ERROR", "component": "writer", "message": "[ARCHIVE CLEANUP] 删除失败: C:\\Users\\17699\\AppData\\Local\\Temp\\pytest-of-17699\\pytest-209\\test_orphan_actual_deletion0\\archive\\ddl\\orphan_ddl.sql: [WinError 2] 系统找不到指定的文件。: 'C:\\\\Users\\\\17699\\\\AppData\\\\Local\\\\Temp\\\\pytest-of-17699\\\\pytest-209\\\\test_orphan_actual_deletion0\\\\archive\\\\ddl\\\\orphan_ddl.sql'", "action": ""}
{"ts": "2026-05-23T16:26:39+08:00", "level": "INFO", "component": "writer", "message": "[ARCHIVE CLEANUP] 完成: 发现 2 个 orphan (dry_run=False)", "action": ""}
{"ts": "2026-05-23T16:26:39+08:00", "level": "ERROR", "component": "writer", "message": "[ARCHIVE CLEANUP] 删除失败: C:\\Users\\17699\\AppData\\Local\\Temp\\pytest-of-17699\\pytest-209\\test_cleanup_idempotent0\\archive\\reports\\orphan.md: [WinError 2] 系统找不到指定的文件。: 'C:\\\\Users\\\\17699\\\\AppData\\\\Local\\\\Temp\\\\pytest-of-17699\\\\pytest-209\\\\test_cleanup_idempotent0\\\\archive\\\\reports\\\\orphan.md'", "action": ""}
{"ts": "2026-05-23T16:26:39+08:00", "level": "INFO", "component": "writer", "message": "[ARCHIVE CLEANUP] 完成: 发现 1 个 orphan (dry_run=False)", "action": ""}
{"ts": "2026-05-23T16:26:39+08:00", "level": "INFO", "component": "writer", "message": "[ARCHIVE CLEANUP] 完成: 发现 0 个 orphan (dry_run=False)", "action": ""}
{"ts": "2026-05-23T16:26:39+08:00", "level": "ERROR", "component": "writer", "message": "[ARCHIVE CLEANUP] DB 查询失败: no such table: analysis_docs", "action": ""}
{"ts": "2026-05-23T16:26:39+08:00", "level": "INFO", "component": "writer", "message": "[ARCHIVE CLEANUP] 完成: 发现 1 个 orphan (dry_run=True)", "action": ""}
{"ts": "2026-05-23T16:26:39+08:00", "level": "INFO", "component": "writer", "message": "[ARCHIVE CLEANUP] 完成: 发现 1 个 orphan (dry_run=True)", "action": ""}
{"ts": "2026-05-23T16:26:39+08:00", "level": "ERROR", "component": "writer", "message": "[ARCHIVE CLEANUP] 删除失败: C:\\Users\\17699\\AppData\\Local\\Temp\\pytest-of-17699\\pytest-209\\test_safety_referenced_file_no0\\archive\\reports\\orphan.md: [WinError 2] 系统找不到指定的文件。: 'C:\\\\Users\\\\17699\\\\AppData\\\\Local\\\\Temp\\\\pytest-of-17699\\\\pytest-209\\\\test_safety_referenced_file_no0\\\\archive\\\\reports\\\\orphan.md'", "action": ""}
{"ts": "2026-05-23T16:26:39+08:00", "level": "INFO", "component": "writer", "message": "[ARCHIVE CLEANUP] 完成: 发现 1 个 orphan (dry_run=False)", "action": ""}
{"ts": "2026-05-23T16:26:39+08:00", "level": "INFO", "component": "writer", "message": "[ARCHIVE CLEANUP] 完成: 发现 1 个 orphan (dry_run=True)", "action": ""}
{"ts": "2026-05-23T16:26:39+08:00", "level": "ERROR", "component": "writer", "message": "[ARCHIVE CLEANUP] 删除失败: C:\\Users\\17699\\AppData\\Local\\Temp\\pytest-of-17699\\pytest-209\\test_cleanup_with_delete_error0\\archive\\reports\\orphan.md: 权限不足", "action": ""}
{"ts": "2026-05-23T16:26:39+08:00", "level": "INFO", "component": "writer", "message": "[ARCHIVE CLEANUP] 完成: 发现 1 个 orphan (dry_run=False)", "action": ""}
{"ts": "2026-05-23T16:26:40+08:00", "level": "ERROR", "component": "pipeline", "message": "[TIMEOUT] pipeline exceeded 1s"}
{"ts": "2026-05-23T16:26:40+08:00", "level": "INFO", "component": "pipeline", "message": "[START] ingest pipeline", "run_id": "4f4b377a-7cba-4842-b566-7bd483559c16", "action": "start"}
{"ts": "2026-05-23T16:26:40+08:00", "level": "INFO", "component": "datasource", "message": "[START] data source phase", "run_id": "4f4b377a-7cba-4842-b566-7bd483559c16", "action": "start"}
{"ts": "2026-05-23T16:26:40+08:00", "level": "INFO", "component": "datasource", "message": "[END] data source phase: found 1 perf row, 0 doc files", "action": "end", "duration_ms": 1.89}
{"ts": "2026-05-23T16:26:40+08:00", "level": "INFO", "component": "transformer", "message": "[START] transform phase", "run_id": "4f4b377a-7cba-4842-b566-7bd483559c16", "action": "start"}
{"ts": "2026-05-23T16:26:40+08:00", "level": "INFO", "component": "transformer", "message": "[END] transform phase: validated PipelineInput ready", "action": "end", "duration_ms": 0.18}
{"ts": "2026-05-23T16:26:40+08:00", "level": "INFO", "component": "validator", "message": "[START] validate phase", "run_id": "4f4b377a-7cba-4842-b566-7bd483559c16", "action": "start"}
{"ts": "2026-05-23T16:26:40+08:00", "level": "INFO", "component": "validator", "message": "[END] validate phase: 6 checks (5 PASS, 1 WARN, 0 ERROR)", "action": "end", "duration_ms": 2.53}
{"ts": "2026-05-23T16:26:40+08:00", "level": "INFO", "component": "pipeline", "message": "[DRY-RUN] completed", "action": "dry_run", "duration_ms": 6.1}
{"ts": "2026-05-23T16:26:40+08:00", "level": "INFO", "component": "pipeline", "message": "[START] ingest pipeline", "run_id": "nonexistent_run_id_xyz", "action": "start"}
{"ts": "2026-05-23T16:26:40+08:00", "level": "INFO", "component": "datasource", "message": "[START] data source phase", "run_id": "nonexistent_run_id_xyz", "action": "start"}
{"ts": "2026-05-23T16:26:40+08:00", "level": "INFO", "component": "datasource", "message": "[END] data source phase: found 0 perf row, 0 doc files", "action": "end", "duration_ms": 2.76}
{"ts": "2026-05-23T16:26:40+08:00", "level": "INFO", "component": "transformer", "message": "[START] transform phase", "run_id": "nonexistent_run_id_xyz", "action": "start"}
{"ts": "2026-05-23T16:26:40+08:00", "level": "ERROR", "component": "pipeline", "message": "[ERROR] pipeline failed: [DataSourceError] 未找到 performance_summary 记录：run_id=nonexistent_run_id_xyz | sql=N/A params=N/A | traceback=Traceback (most recent call last):\n  File \"C:\\Users\\17699\\mozhi_platform\\src\\backtest\\analysis\\ingest\\pipeline.py\", line 274, in run\n    input_data = self._transformer.transform(\n        self.run_id,\n    ...<2 lines>...\n        doc_files=doc_files,\n    )\n  File \"C:\\Users\\17699\\mozhi_platform\\src\\backtest\\analysis\\ingest\\transformer.py\", line 71, in transform\n    raise DataSourceError(\n    ...<2 lines>...\n    )\nsrc.backtest.analysis.ingest.datasource.DataSourceError: 未找到 performance_summary 记录：ru", "run_id": "nonexistent_run_id_xyz", "action": "fail", "traceback": "Traceback (most recent call last):\n  File \"C:\\Users\\17699\\mozhi_platform\\src\\backtest\\analysis\\ingest\\pipeline.py\", line 274, in run\n    input_data = self._transformer.transform(\n        self.run_id,\n    ...<2 lines>...\n        doc_files=doc_files,\n    )\n  File \"C:\\Users\\17699\\mozhi_platform\\src\\backtest\\analysis\\ingest\\transformer.py\", line 71, in transform\n    raise DataSourceError(\n    ...<2 lines>...\n    )\nsrc.backtest.analysis.ingest.datasource.DataSourceError: 未找到 performance_summary 记录：run_id=nonexistent_run_id_xyz\n"}
{"ts": "2026-05-23T16:26:40+08:00", "level": "ERROR", "component": "writer", "message": "[SIGNAL] .failed written: C:\\Users\\17699\\AppData\\Local\\Temp\\tmp81bvcv7g\\p5_fail_test_1779524800_moheng.failed", "action": ""}
